CONFIG
тФЬтФАтФА data
тФВ   тФФтФАтФА _target_: pinnstorch.data.PINNDataModule                                
тФВ                                                                               
тФЬтФАтФА model
тФВ   тФФтФАтФА _target_: pinnstorch.models.PINNModule                                  
тФВ       _partial_: true                                                         
тФВ       loss_fn: mse                                                            
тФВ       jit_compile: false                                                      
тФВ       amp: false                                                              
тФВ       lazy: false                                                             
тФВ       cudagraph_compile: true                                                 
тФВ       inline: false                                                           
тФВ       optimizer:                                                              
тФВ         _target_: torch.optim.Adam                                            
тФВ         _partial_: true                                                       
тФВ         lr: 0.001                                                             
тФВ         weight_decay: 0.0                                                     
тФВ         capturable: true                                                      
тФВ       scaler:                                                                 
тФВ         _target_: torch.cuda.amp.GradScaler                                   
тФВ                                                                               
тФЬтФАтФА callbacks
тФВ   тФФтФАтФА model_checkpoint:                                                       
тФВ         _target_: lightning.pytorch.callbacks.ModelCheckpoint                 
тФВ         dirpath: /Users/feifeixiao/Desktop/fpinns_paper/codes/my_PINNs/pytorch
тФВ         filename: epoch_{epoch:03d}_{val/loss}                                
тФВ         monitor: val/loss                                                     
тФВ         verbose: null                                                         
тФВ         save_last: true                                                       
тФВ         save_top_k: 1                                                         
тФВ         mode: min                                                             
тФВ         auto_insert_metric_name: false                                        
тФВ         save_weights_only: false                                              
тФВ         every_n_train_steps: null                                             
тФВ         train_time_interval: null                                             
тФВ         every_n_epochs: null                                                  
тФВ         save_on_train_epoch_end: null                                         
тФВ       model_summary:                                                          
тФВ         _target_: lightning.pytorch.callbacks.RichModelSummary                
тФВ         max_depth: -1                                                         
тФВ       rich_progress_bar:                                                      
тФВ         _target_: lightning.pytorch.callbacks.RichProgressBar                 
тФВ                                                                               
тФЬтФАтФА logger
тФВ   тФФтФАтФА csv:                                                                    
тФВ         _target_: lightning.pytorch.loggers.csv_logs.CSVLogger                
тФВ         save_dir: /Users/feifeixiao/Desktop/fpinns_paper/codes/my_PINNs/pytorc
тФВ         name: csv/                                                            
тФВ         prefix: ''                                                            
тФВ                                                                               
тФЬтФАтФА trainer
тФВ   тФФтФАтФА _target_: lightning.pytorch.trainer.Trainer                             
тФВ       default_root_dir: /Users/feifeixiao/Desktop/fpinns_paper/codes/my_PINNs/
тФВ       min_epochs: 1                                                           
тФВ       max_epochs: 1                                                           
тФВ       accelerator: gpu                                                        
тФВ       devices:                                                                
тФВ       - 0                                                                     
тФВ       enable_progress_bar: true                                               
тФВ       check_val_every_n_epoch: 60001                                          
тФВ       inference_mode: false                                                   
тФВ       log_every_n_steps: 1                                                    
тФВ       deterministic: false                                                    
тФВ                                                                               
тФЬтФАтФА paths
тФВ   тФФтФАтФА root_dir: .                                                             
тФВ       data_dir: ../../main/Data                                               
тФВ       rk_dir: ./data/irk_weights                                              
тФВ       log_dir: ./logs/                                                        
тФВ       output_dir: /Users/feifeixiao/Desktop/fpinns_paper/codes/my_PINNs/pytorc
тФВ       work_dir: /Users/feifeixiao/Desktop/fpinns_paper/codes/my_PINNs/pytorch_
тФВ                                                                               
тФЬтФАтФА extras
тФВ   тФФтФАтФА ignore_warnings: false                                                  
тФВ       enforce_tags: true                                                      
тФВ       print_config: true                                                      
тФВ                                                                               
тФЬтФАтФА task_name
тФВ   тФФтФАтФА schrodinger                                                             
тФЬтФАтФА tags
тФВ   тФФтФАтФА ['dev']                                                                 
тФЬтФАтФА train
тФВ   тФФтФАтФА True                                                                    
тФЬтФАтФА test
тФВ   тФФтФАтФА False                                                                   
тФЬтФАтФА ckpt_path
тФВ   тФФтФАтФА None                                                                    
тФЬтФАтФА seed
тФВ   тФФтФАтФА 1234                                                                    
тФЬтФАтФА net
тФВ   тФФтФАтФА _target_: pinnstorch.models.FCN                                         
тФВ       _partial_: true                                                         
тФВ       layers:                                                                 
тФВ       - 2                                                                     
тФВ       - 100                                                                   
тФВ       - 100                                                                   
тФВ       - 100                                                                   
тФВ       - 100                                                                   
тФВ       - 2                                                                     
тФВ       output_names:                                                           
тФВ       - u                                                                     
тФВ       - v                                                                     
тФВ                                                                               
тФЬтФАтФА N0
тФВ   тФФтФАтФА 50                                                                      
тФЬтФАтФА N_b
тФВ   тФФтФАтФА 50                                                                      
тФЬтФАтФА N_f
тФВ   тФФтФАтФА 20000                                                                   
тФЬтФАтФА time_domain
тФВ   тФФтФАтФА _target_: pinnstorch.data.TimeDomain                                    
тФВ       t_interval:                                                             
тФВ       - 0                                                                     
тФВ       - 1.57079633                                                            
тФВ       t_points: 201                                                           
тФВ                                                                               
тФЬтФАтФА spatial_domain
тФВ   тФФтФАтФА _target_: pinnstorch.data.Interval                                      
тФВ       x_interval:                                                             
тФВ       - -5                                                                    
тФВ       - 4.9609375                                                             
тФВ       shape:                                                                  
тФВ       - 256                                                                   
тФВ       - 1                                                                     
тФВ                                                                               
тФЬтФАтФА mesh
тФВ   тФФтФАтФА _target_: pinnstorch.data.Mesh                                          
тФВ       root_dir: ../../main/Data                                               
тФВ       read_data_fn: ???                                                       
тФВ       ub:                                                                     
тФВ       - 5.0                                                                   
тФВ       - 1.57079633                                                            
тФВ       lb:                                                                     
тФВ       - -5.0                                                                  
тФВ       - 0.0                                                                   
тФВ                                                                               
тФЬтФАтФА train_datasets
тФВ   тФФтФАтФА [{'mesh_sampler': {'_target_': 'pinnstorch.data.MeshSampler', '_partial_
тФЬтФАтФА val_dataset
тФВ   тФФтФАтФА [{'mesh_sampler': {'_target_': 'pinnstorch.data.MeshSampler', '_partial_
тФЬтФАтФА pred_dataset
тФВ   тФФтФАтФА None                                                                    
тФЬтФАтФА val
тФВ   тФФтФАтФА False                                                                   
тФЬтФАтФА save_pred
тФВ   тФФтФАтФА False                                                                   
тФЬтФАтФА optimized_metric
тФВ   тФФтФАтФА error:                                                                  
тФВ       - u                                                                     
тФВ       - v                                                                     
тФВ       - h                                                                     
тФВ                                                                               
тФФтФАтФА plotting
    тФФтФАтФА None                                                                    
