[2026-05-16 13:17:00,714][pinnstorch.utils.utils][INFO] - Enforcing tags! <cfg.extras.enforce_tags=True>
[2026-05-16 13:17:00,716][pinnstorch.utils.utils][INFO] - Printing config tree with Rich! <cfg.extras.print_config=True>
[2026-05-16 13:17:00,743][pinnstorch.utils.utils][INFO] - GPU is not found. Using CPU.
[2026-05-16 13:17:00,743][pinnstorch.utils.utils][INFO] - Model will not be compiled with CUDA Graph.
[2026-05-16 13:17:00,743][pinnstorch.utils.utils][INFO] - Setting optimizer capturable attribute to False.
[2026-05-16 13:17:00,743][pinnstorch.utils.utils][INFO] - Enabling automatic optimization.
[2026-05-16 13:17:00,748][pinnstorch.train][INFO] - Instantiating time domain <pinnstorch.data.TimeDomain>
[2026-05-16 13:17:00,748][pinnstorch.train][INFO] - Instantiating spatial domain <pinnstorch.data.Interval>
[2026-05-16 13:17:00,748][pinnstorch.train][INFO] - Instantiating mesh <pinnstorch.data.Mesh>
[2026-05-16 13:17:00,749][pinnstorch.utils.utils][INFO] - Data is available.
[2026-05-16 13:17:00,752][pinnstorch.train][INFO] - Instantiating training dataset number 1: <pinnstorch.data.MeshSampler>
[2026-05-16 13:17:00,758][pinnstorch.train][INFO] - Instantiating training dataset number 2: <pinnstorch.data.InitialCondition>
[2026-05-16 13:17:00,759][pinnstorch.train][INFO] - Instantiating training dataset number 3: <pinnstorch.data.DirichletBoundaryCondition>
[2026-05-16 13:17:00,759][pinnstorch.train][INFO] - Instantiating validation dataset number 1: <pinnstorch.data.MeshSampler>
[2026-05-16 13:17:00,760][pinnstorch.train][INFO] - Instantiating prediction dataset number 1: <pinnstorch.data.MeshSampler>
[2026-05-16 13:17:00,760][pinnstorch.train][INFO] - Instantiating datamodule <pinnstorch.data.PINNDataModule>
[2026-05-16 13:17:00,761][pinnstorch.train][INFO] - Instantiating neural net <pinnstorch.models.FCN>
[2026-05-16 13:17:00,768][pinnstorch.train][INFO] - Instantiating model <pinnstorch.models.PINNModule>
[2026-05-16 13:17:00,772][pinnstorch.train][INFO] - Instantiating callbacks...
[2026-05-16 13:17:00,772][pinnstorch.utils.instantiators][INFO] - Instantiating callback <lightning.pytorch.callbacks.ModelCheckpoint>
[2026-05-16 13:17:00,774][pinnstorch.utils.instantiators][INFO] - Instantiating callback <lightning.pytorch.callbacks.RichModelSummary>
[2026-05-16 13:17:00,774][pinnstorch.utils.instantiators][INFO] - Instantiating callback <lightning.pytorch.callbacks.RichProgressBar>
[2026-05-16 13:17:00,774][pinnstorch.train][INFO] - Instantiating loggers...
[2026-05-16 13:17:00,775][pinnstorch.utils.instantiators][INFO] - Instantiating logger <lightning.pytorch.loggers.csv_logs.CSVLogger>
[2026-05-16 13:17:00,775][pinnstorch.train][INFO] - Instantiating trainer <lightning.pytorch.trainer.Trainer>
[2026-05-16 13:17:00,831][pinnstorch.train][INFO] - Logging hyperparameters!
[2026-05-16 13:17:00,837][pinnstorch.train][INFO] - Starting training!
[2026-05-16 13:17:01,085][pinnstorch.train][INFO] - Elapsed time: 0.2471308708190918
[2026-05-16 13:17:01,085][pinnstorch.train][INFO] - Median time for each batch: 0.07575011253356934
[2026-05-16 13:17:01,100][pinnstorch.utils.utils][INFO] - Output dir: /Users/feifeixiao/Desktop/fpinns_paper/codes/my_PINNs/pytorch_examples/burgers/examples/burgers_continuous_forward/outputs/13-17-00
[2026-05-16 13:17:01,100][pinnstorch.utils.utils][INFO] - Metric value not found! <metric_name=val/error_u>
Make sure metric name logged in LightningModule is correct!
Make sure `optimized_metric` name in `hparams_search` config is correct!
