CONFIG
в”њв”Ђв”Ђ data
в”‚   в””в”Ђв”Ђ _target_: pinnstorch.data.PINNDataModule                                
в”‚                                                                               
в”њв”Ђв”Ђ model
в”‚   в””в”Ђв”Ђ _target_: pinnstorch.models.PINNModule                                  
в”‚       _partial_: true                                                         
в”‚       loss_fn: mse                                                            
в”‚       jit_compile: false                                                      
в”‚       amp: false                                                              
в”‚       lazy: false                                                             
в”‚       cudagraph_compile: true                                                 
в”‚       inline: false                                                           
в”‚       optimizer:                                                              
в”‚         _target_: torch.optim.Adam                                            
в”‚         _partial_: true                                                       
в”‚         lr: 0.001                                                             
в”‚         weight_decay: 0.0                                                     
в”‚         capturable: true                                                      
в”‚       scaler:                                                                 
в”‚         _target_: torch.cuda.amp.GradScaler                                   
в”‚                                                                               
в”њв”Ђв”Ђ callbacks
в”‚   в””в”Ђв”Ђ model_checkpoint:                                                       
в”‚         _target_: lightning.pytorch.callbacks.ModelCheckpoint                 
в”‚         dirpath: /Users/feifeixiao/Desktop/fpinns_paper/codes/my_PINNs/pytorch
в”‚         filename: epoch_{epoch:03d}_{val/loss}                                
в”‚         monitor: val/loss                                                     
в”‚         verbose: null                                                         
в”‚         save_last: true                                                       
в”‚         save_top_k: 1                                                         
в”‚         mode: min                                                             
в”‚         auto_insert_metric_name: false                                        
в”‚         save_weights_only: false                                              
в”‚         every_n_train_steps: null                                             
в”‚         train_time_interval: null                                             
в”‚         every_n_epochs: null                                                  
в”‚         save_on_train_epoch_end: null                                         
в”‚       model_summary:                                                          
в”‚         _target_: lightning.pytorch.callbacks.RichModelSummary                
в”‚         max_depth: -1                                                         
в”‚       rich_progress_bar:                                                      
в”‚         _target_: lightning.pytorch.callbacks.RichProgressBar                 
в”‚                                                                               
в”њв”Ђв”Ђ logger
в”‚   в””в”Ђв”Ђ csv:                                                                    
в”‚         _target_: lightning.pytorch.loggers.csv_logs.CSVLogger                
в”‚         save_dir: /Users/feifeixiao/Desktop/fpinns_paper/codes/my_PINNs/pytorc
в”‚         name: csv/                                                            
в”‚         prefix: ''                                                            
в”‚                                                                               
в”њв”Ђв”Ђ trainer
в”‚   в””в”Ђв”Ђ _target_: lightning.pytorch.trainer.Trainer                             
в”‚       default_root_dir: /Users/feifeixiao/Desktop/fpinns_paper/codes/my_PINNs/
в”‚       min_epochs: 1                                                           
в”‚       max_epochs: 60000                                                       
в”‚       accelerator: gpu                                                        
в”‚       devices:                                                                
в”‚       - 0                                                                     
в”‚       enable_progress_bar: true                                               
в”‚       check_val_every_n_epoch: 60001                                          
в”‚       inference_mode: false                                                   
в”‚       log_every_n_steps: 1                                                    
в”‚       deterministic: false                                                    
в”‚                                                                               
в”њв”Ђв”Ђ paths
в”‚   в””в”Ђв”Ђ root_dir: .                                                             
в”‚       data_dir: ../../main/Data                                               
в”‚       rk_dir: ./data/irk_weights                                              
в”‚       log_dir: ./logs/                                                        
в”‚       output_dir: /Users/feifeixiao/Desktop/fpinns_paper/codes/my_PINNs/pytorc
в”‚       work_dir: /Users/feifeixiao/Desktop/fpinns_paper/codes/my_PINNs/pytorch_
в”‚                                                                               
в”њв”Ђв”Ђ extras
в”‚   в””в”Ђв”Ђ ignore_warnings: false                                                  
в”‚       enforce_tags: true                                                      
в”‚       print_config: true                                                      
в”‚                                                                               
в”њв”Ђв”Ђ task_name
в”‚   в””в”Ђв”Ђ schrodinger                                                             
в”њв”Ђв”Ђ tags
в”‚   в””в”Ђв”Ђ ['dev']                                                                 
в”њв”Ђв”Ђ train
в”‚   в””в”Ђв”Ђ False                                                                   
в”њв”Ђв”Ђ test
в”‚   в””в”Ђв”Ђ False                                                                   
в”њв”Ђв”Ђ ckpt_path
в”‚   в””в”Ђв”Ђ None                                                                    
в”њв”Ђв”Ђ seed
в”‚   в””в”Ђв”Ђ 1234                                                                    
в”њв”Ђв”Ђ net
в”‚   в””в”Ђв”Ђ _target_: pinnstorch.models.FCN                                         
в”‚       _partial_: true                                                         
в”‚       layers:                                                                 
в”‚       - 2                                                                     
в”‚       - 100                                                                   
в”‚       - 100                                                                   
в”‚       - 100                                                                   
в”‚       - 100                                                                   
в”‚       - 2                                                                     
в”‚       output_names:                                                           
в”‚       - u                                                                     
в”‚       - v                                                                     
в”‚                                                                               
в”њв”Ђв”Ђ N0
в”‚   в””в”Ђв”Ђ 50                                                                      
в”њв”Ђв”Ђ N_b
в”‚   в””в”Ђв”Ђ 50                                                                      
в”њв”Ђв”Ђ N_f
в”‚   в””в”Ђв”Ђ 20000                                                                   
в”њв”Ђв”Ђ time_domain
в”‚   в””в”Ђв”Ђ _target_: pinnstorch.data.TimeDomain                                    
в”‚       t_interval:                                                             
в”‚       - 0                                                                     
в”‚       - 1.57079633                                                            
в”‚       t_points: 201                                                           
в”‚                                                                               
в”њв”Ђв”Ђ spatial_domain
в”‚   в””в”Ђв”Ђ _target_: pinnstorch.data.Interval                                      
в”‚       x_interval:                                                             
в”‚       - -5                                                                    
в”‚       - 4.9609375                                                             
в”‚       shape:                                                                  
в”‚       - 256                                                                   
в”‚       - 1                                                                     
в”‚                                                                               
в”њв”Ђв”Ђ mesh
в”‚   в””в”Ђв”Ђ _target_: pinnstorch.data.Mesh                                          
в”‚       root_dir: ../../main/Data                                               
в”‚       read_data_fn: ???                                                       
в”‚       ub:                                                                     
в”‚       - 5.0                                                                   
в”‚       - 1.57079633                                                            
в”‚       lb:                                                                     
в”‚       - -5.0                                                                  
в”‚       - 0.0                                                                   
в”‚                                                                               
в”њв”Ђв”Ђ train_datasets
в”‚   в””в”Ђв”Ђ [{'mesh_sampler': {'_target_': 'pinnstorch.data.MeshSampler', '_partial_
в”њв”Ђв”Ђ val_dataset
в”‚   в””в”Ђв”Ђ [{'mesh_sampler': {'_target_': 'pinnstorch.data.MeshSampler', '_partial_
в”њв”Ђв”Ђ pred_dataset
в”‚   в””в”Ђв”Ђ None                                                                    
в”њв”Ђв”Ђ val
в”‚   в””в”Ђв”Ђ False                                                                   
в”њв”Ђв”Ђ save_pred
в”‚   в””в”Ђв”Ђ False                                                                   
в”њв”Ђв”Ђ optimized_metric
в”‚   в””в”Ђв”Ђ error:                                                                  
в”‚       - u                                                                     
в”‚       - v                                                                     
в”‚       - h                                                                     
в”‚                                                                               
в””в”Ђв”Ђ plotting
    в””в”Ђв”Ђ _target_: pinnstorch.utils.plot_schrodinger                             
        _partial_: true                                                         
                                                                                
