[2026-05-16 13:13:17,809][pinnstorch.utils.utils][INFO] - Enforcing tags! <cfg.extras.enforce_tags=True>
[2026-05-16 13:13:17,811][pinnstorch.utils.utils][INFO] - Printing config tree with Rich! <cfg.extras.print_config=True>
[2026-05-16 13:13:17,838][pinnstorch.utils.utils][INFO] - GPU is not found. Using CPU.
[2026-05-16 13:13:17,838][pinnstorch.utils.utils][INFO] - Model will not be compiled with CUDA Graph.
[2026-05-16 13:13:17,838][pinnstorch.utils.utils][INFO] - Setting optimizer capturable attribute to False.
[2026-05-16 13:13:17,839][pinnstorch.utils.utils][INFO] - Enabling automatic optimization.
[2026-05-16 13:13:17,843][pinnstorch.train][INFO] - Instantiating time domain <pinnstorch.data.TimeDomain>
[2026-05-16 13:13:17,843][pinnstorch.train][INFO] - Instantiating spatial domain <pinnstorch.data.Interval>
[2026-05-16 13:13:17,844][pinnstorch.train][INFO] - Instantiating mesh <pinnstorch.data.Mesh>
[2026-05-16 13:13:17,845][pinnstorch.utils.utils][INFO] - Data is available.
[2026-05-16 13:13:17,849][pinnstorch.train][INFO] - Instantiating training dataset number 1: <pinnstorch.data.MeshSampler>
[2026-05-16 13:13:17,855][pinnstorch.train][INFO] - Instantiating training dataset number 2: <pinnstorch.data.InitialCondition>
[2026-05-16 13:13:17,856][pinnstorch.train][INFO] - Instantiating training dataset number 3: <pinnstorch.data.PeriodicBoundaryCondition>
[2026-05-16 13:13:17,857][pinnstorch.train][INFO] - Instantiating validation dataset number 1: <pinnstorch.data.MeshSampler>
[2026-05-16 13:13:17,858][pinnstorch.train][INFO] - Instantiating prediction dataset number 1: <pinnstorch.data.MeshSampler>
[2026-05-16 13:13:17,859][pinnstorch.train][INFO] - Instantiating datamodule <pinnstorch.data.PINNDataModule>
[2026-05-16 13:13:17,860][pinnstorch.train][INFO] - Instantiating neural net <pinnstorch.models.FCN>
[2026-05-16 13:13:17,861][pinnstorch.train][INFO] - Instantiating model <pinnstorch.models.PINNModule>
[2026-05-16 13:13:17,865][pinnstorch.train][INFO] - Instantiating callbacks...
[2026-05-16 13:13:17,865][pinnstorch.utils.instantiators][INFO] - Instantiating callback <lightning.pytorch.callbacks.ModelCheckpoint>
[2026-05-16 13:13:17,867][pinnstorch.utils.instantiators][INFO] - Instantiating callback <lightning.pytorch.callbacks.RichModelSummary>
[2026-05-16 13:13:17,867][pinnstorch.utils.instantiators][INFO] - Instantiating callback <lightning.pytorch.callbacks.RichProgressBar>
[2026-05-16 13:13:17,867][pinnstorch.train][INFO] - Instantiating loggers...
[2026-05-16 13:13:17,867][pinnstorch.utils.instantiators][INFO] - Instantiating logger <lightning.pytorch.loggers.csv_logs.CSVLogger>
[2026-05-16 13:13:17,868][pinnstorch.train][INFO] - Instantiating trainer <lightning.pytorch.trainer.Trainer>
[2026-05-16 13:13:17,905][pinnstorch.train][INFO] - Logging hyperparameters!
[2026-05-16 13:13:17,911][pinnstorch.train][INFO] - Median time for each batch: nan
[2026-05-16 13:13:17,927][pinnstorch.utils.utils][ERROR] - 
Traceback (most recent call last):
  File "/Library/Frameworks/Python.framework/Versions/3.13/lib/python3.13/site-packages/pinnstorch/utils/utils.py", line 73, in wrap
    metric_dict, object_dict = task_func(
                               ~~~~~~~~~^
        cfg=cfg, read_data_fn=read_data_fn, pde_fn=pde_fn, output_fn=output_fn
        ^^^^^^^^^^^^^^^^^^^^^^^^^^^^^^^^^^^^^^^^^^^^^^^^^^^^^^^^^^^^^^^^^^^^^^
    )
    ^
  File "/Library/Frameworks/Python.framework/Versions/3.13/lib/python3.13/site-packages/pinnstorch/train.py", line 174, in train
    preds_list = trainer.predict(
        model=model, datamodule=datamodule, ckpt_path=cfg.get("ckpt_path")
    )
  File "/Library/Frameworks/Python.framework/Versions/3.13/lib/python3.13/site-packages/lightning/pytorch/trainer/trainer.py", line 941, in predict
    return call._call_and_handle_interrupt(
           ~~~~~~~~~~~~~~~~~~~~~~~~~~~~~~~^
        self,
        ^^^^^
    ...<6 lines>...
        weights_only,
        ^^^^^^^^^^^^^
    )
    ^
  File "/Library/Frameworks/Python.framework/Versions/3.13/lib/python3.13/site-packages/lightning/pytorch/trainer/call.py", line 49, in _call_and_handle_interrupt
    return trainer_fn(*args, **kwargs)
  File "/Library/Frameworks/Python.framework/Versions/3.13/lib/python3.13/site-packages/lightning/pytorch/trainer/trainer.py", line 990, in _predict_impl
    results = self._run(model, ckpt_path=ckpt_path, weights_only=weights_only)
  File "/Library/Frameworks/Python.framework/Versions/3.13/lib/python3.13/site-packages/lightning/pytorch/trainer/trainer.py", line 1079, in _run
    results = self._run_stage()
  File "/Library/Frameworks/Python.framework/Versions/3.13/lib/python3.13/site-packages/lightning/pytorch/trainer/trainer.py", line 1118, in _run_stage
    return self.predict_loop.run()
           ~~~~~~~~~~~~~~~~~~~~~^^
  File "/Library/Frameworks/Python.framework/Versions/3.13/lib/python3.13/site-packages/lightning/pytorch/loops/utilities.py", line 179, in _decorator
    return loop_run(self, *args, **kwargs)
  File "/Library/Frameworks/Python.framework/Versions/3.13/lib/python3.13/site-packages/lightning/pytorch/loops/prediction_loop.py", line 125, in run
    self._predict_step(batch, batch_idx, dataloader_idx, dataloader_iter)
    ~~~~~~~~~~~~~~~~~~^^^^^^^^^^^^^^^^^^^^^^^^^^^^^^^^^^^^^^^^^^^^^^^^^^^
  File "/Library/Frameworks/Python.framework/Versions/3.13/lib/python3.13/site-packages/lightning/pytorch/loops/prediction_loop.py", line 255, in _predict_step
    predictions = call._call_strategy_hook(trainer, "predict_step", *step_args)
  File "/Library/Frameworks/Python.framework/Versions/3.13/lib/python3.13/site-packages/lightning/pytorch/trainer/call.py", line 329, in _call_strategy_hook
    output = fn(*args, **kwargs)
  File "/Library/Frameworks/Python.framework/Versions/3.13/lib/python3.13/site-packages/lightning/pytorch/strategies/strategy.py", line 438, in predict_step
    return self.lightning_module.predict_step(*args, **kwargs)
           ~~~~~~~~~~~~~~~~~~~~~~~~~~~~~~~~~~^^^^^^^^^^^^^^^^^
  File "/Library/Frameworks/Python.framework/Versions/3.13/lib/python3.13/site-packages/pinnstorch/models/pinn_module.py", line 571, in predict_step
    loss, error, preds = self.eval_step(batch)
                         ~~~~~~~~~~~~~~^^^^^^^
  File "/Library/Frameworks/Python.framework/Versions/3.13/lib/python3.13/site-packages/pinnstorch/models/pinn_module.py", line 485, in eval_step
    loss, preds = self.model_step({str(loss_fn): batch})
                  ~~~~~~~~~~~~~~~^^^^^^^^^^^^^^^^^^^^^^^
  File "/Library/Frameworks/Python.framework/Versions/3.13/lib/python3.13/site-packages/pinnstorch/models/pinn_module.py", line 366, in model_step
    loss, preds = self.function_mapping[loss_fn](data, loss, self.functions)
                  ^^^^^^^^^^^^^^^^^^^^^
  File "/Library/Frameworks/Python.framework/Versions/3.13/lib/python3.13/site-packages/torch/nn/modules/module.py", line 1964, in __getattr__
    raise AttributeError(
        f"'{type(self).__name__}' object has no attribute '{name}'"
    )
AttributeError: 'PINNModule' object has no attribute 'function_mapping'
[2026-05-16 13:13:17,933][pinnstorch.utils.utils][INFO] - Output dir: /Users/feifeixiao/Desktop/fpinns_paper/codes/my_PINNs/pytorch_examples/schrodinger/examples/schrodinger/outputs/13-13-17
